#
# There is insufficient memory for the Java Runtime Environment to continue.
# Native memory allocation (mmap) failed to map 266338304 bytes for G1 virtual space
# Possible reasons:
#   The system is out of physical RAM or swap space
#   The process is running with CompressedOops enabled, and the Java Heap may be blocking the growth of the native heap
# Possible solutions:
#   Reduce memory load on the system
#   Increase physical memory or swap space
#   Check if swap backing store is full
#   Decrease Java heap size (-Xmx/-Xms)
#   Decrease number of Java threads
#   Decrease Java thread stack sizes (-Xss)
#   Set larger code cache with -XX:ReservedCodeCacheSize=
#   JVM is running with Zero Based Compressed Oops mode in which the Java heap is
#     placed in the first 32GB address space. The Java Heap base address is the
#     maximum limit for the native heap growth. Please use -XX:HeapBaseMinAddress
#     to set the Java Heap base and to place the Java Heap above 32GB virtual address.
# This output file may be truncated or incomplete.
#
#  Out of Memory Error (os_windows.cpp:3536), pid=27980, tid=1684
#
# JRE version:  (19.0.2+7) (build )
# Java VM: Java HotSpot(TM) 64-Bit Server VM (19.0.2+7-44, mixed mode, sharing, tiered, compressed oops, compressed class ptrs, g1 gc, windows-amd64)
# No core dump will be written. Minidumps are not enabled by default on client versions of Windows
#

---------------  S U M M A R Y ------------

Command Line: -Dclassworlds.conf=C:\Program Files\apache-maven-3.9.1\bin\m2.conf -Dmaven.home=C:\Program Files\apache-maven-3.9.1 -Dlibrary.jansi.path=C:\Program Files\apache-maven-3.9.1\lib\jansi-native -Dmaven.multiModuleProjectDirectory=M:\Creative_sandbox\Internship\USAM_Project\Backend_USAM org.codehaus.plexus.classworlds.launcher.Launcher spring-boot:run

Host: Intel(R) Core(TM) i7-10870H CPU @ 2.20GHz, 16 cores, 15G,  Windows 11 , 64 bit Build 22621 (10.0.22621.2070)
Time: Mon Sep 11 21:56:25 2023 Egypt Daylight Time elapsed time: 0.018284 seconds (0d 0h 0m 0s)

---------------  T H R E A D  ---------------

Current thread (0x0000020f55f2cb30):  JavaThread "Unknown thread" [_thread_in_vm, id=1684, stack(0x0000009226b00000,0x0000009226c00000)]

Stack: [0x0000009226b00000,0x0000009226c00000]
Native frames: (J=compiled Java code, j=interpreted, Vv=VM code, C=native code)
V  [jvm.dll+0x6ee21a]
V  [jvm.dll+0x85765e]
V  [jvm.dll+0x85904e]
V  [jvm.dll+0x859703]
V  [jvm.dll+0x28298f]
V  [jvm.dll+0x6eb009]
V  [jvm.dll+0x6dfbaa]
V  [jvm.dll+0x3573f6]
V  [jvm.dll+0x35ee56]
V  [jvm.dll+0x3b541e]
V  [jvm.dll+0x3b564f]
V  [jvm.dll+0x32c9ea]
V  [jvm.dll+0x32d89e]
V  [jvm.dll+0x821780]
V  [jvm.dll+0x3c2661]
V  [jvm.dll+0x801f51]
V  [jvm.dll+0x44ae8f]
V  [jvm.dll+0x44c811]
C  [jli.dll+0x5287]
C  [ucrtbase.dll+0x29363]
C  [KERNEL32.DLL+0x126ad]
C  [ntdll.dll+0x5aa68]


---------------  P R O C E S S  ---------------

Threads class SMR info:
_java_thread_list=0x00007ff857c9d048, length=0, elements={
}

Java Threads: ( => current thread )

Other Threads:
  0x0000020f55f9e230 WorkerThread "GC Thread#0" [stack: 0x0000009226c00000,0x0000009226d00000] [id=21640]
  0x0000020f55faf110 ConcurrentGCThread "G1 Main Marker" [stack: 0x0000009226d00000,0x0000009226e00000] [id=21056]
  0x0000020f55fb02e0 WorkerThread "G1 Conc#0" [stack: 0x0000009226e00000,0x0000009226f00000] [id=6668]

[error occurred during error reporting (printing all threads), id 0xc0000005, EXCEPTION_ACCESS_VIOLATION (0xc0000005) at pc=0x00007ff85745d427]

VM state: not at safepoint (not fully initialized)

VM Mutex/Monitor currently owned by a thread:  ([mutex/lock_event])
[0x0000020f55f279c0] Heap_lock - owner thread: 0x0000020f55f2cb30

Heap address: 0x0000000703800000, size: 4040 MB, Compressed Oops mode: Zero based, Oop shift amount: 3

CDS archive(s) mapped at: [0x0000000000000000-0x0000000000000000-0x0000000000000000), size 0, SharedBaseAddress: 0x0000000800000000, ArchiveRelocationMode: 0.
Narrow klass base: 0x0000000000000000, Narrow klass shift: 0, Narrow klass range: 0x0

GC Precious Log:
 CardTable entry size: 512
 Card Set container configuration: InlinePtr #cards 4 size 8 Array Of Cards #cards 16 size 48 Howl #buckets 8 coarsen threshold 3686 Howl Bitmap #cards 512 size 80 coarsen threshold 460 Card regions per heap region 1 cards per card region 4096

Heap:
 garbage-first heap   total 0K, used 0K [0x0000000703800000, 0x0000000800000000)
  region size 2048K, 0 young (0K), 0 survivors (0K)

[error occurred during error reporting (printing heap information), id 0xc0000005, EXCEPTION_ACCESS_VIOLATION (0xc0000005) at pc=0x00007ff857866649]

GC Heap History (0 events):
No events

Dll operation events (1 events):
Event: 0.007 Loaded shared library C:\Program Files\Java\jdk-19\bin\java.dll

Deoptimization events (0 events):
No events

Classes loaded (0 events):
No events

Classes unloaded (0 events):
No events

Classes redefined (0 events):
No events

Internal exceptions (0 events):
No events

VM Operations (0 events):
No events

Events (0 events):
No events


Dynamic libraries:
0x00007ff6f1ef0000 - 0x00007ff6f1f00000 	C:\Program Files\Java\jdk-19\bin\java.exe
0x00007ff8bccd0000 - 0x00007ff8bcee4000 	C:\WINDOWS\SYSTEM32\ntdll.dll
0x00007ff8bb680000 - 0x00007ff8bb744000 	C:\WINDOWS\System32\KERNEL32.DLL
0x00007ff8ba510000 - 0x00007ff8ba8b4000 	C:\WINDOWS\System32\KERNELBASE.dll
0x00007ff8ba3f0000 - 0x00007ff8ba501000 	C:\WINDOWS\System32\ucrtbase.dll
0x00007ff89b7f0000 - 0x00007ff89b808000 	C:\Program Files\Java\jdk-19\bin\jli.dll
0x00007ff89b0c0000 - 0x00007ff89b0db000 	C:\Program Files\Java\jdk-19\bin\VCRUNTIME140.dll
0x00007ff8bb470000 - 0x00007ff8bb520000 	C:\WINDOWS\System32\ADVAPI32.dll
0x00007ff8bbc70000 - 0x00007ff8bbd17000 	C:\WINDOWS\System32\msvcrt.dll
0x00007ff8bba40000 - 0x00007ff8bbae6000 	C:\WINDOWS\System32\sechost.dll
0x00007ff8bb880000 - 0x00007ff8bb997000 	C:\WINDOWS\System32\RPCRT4.dll
0x00007ff8bc5f0000 - 0x00007ff8bc79a000 	C:\WINDOWS\System32\USER32.dll
0x00007ff8ba940000 - 0x00007ff8ba966000 	C:\WINDOWS\System32\win32u.dll
0x00007ff88ffd0000 - 0x00007ff89025f000 	C:\WINDOWS\WinSxS\amd64_microsoft.windows.common-controls_6595b64144ccf1df_6.0.22621.2070_none_2713e6537381f706\COMCTL32.dll
0x00007ff8bba10000 - 0x00007ff8bba39000 	C:\WINDOWS\System32\GDI32.dll
0x00007ff8ba970000 - 0x00007ff8baa89000 	C:\WINDOWS\System32\gdi32full.dll
0x00007ff8ba0b0000 - 0x00007ff8ba14a000 	C:\WINDOWS\System32\msvcp_win.dll
0x00007ff8a7c40000 - 0x00007ff8a7c4a000 	C:\WINDOWS\SYSTEM32\VERSION.dll
0x00007ff8bb430000 - 0x00007ff8bb461000 	C:\WINDOWS\System32\IMM32.DLL
0x00007ff8b6710000 - 0x00007ff8b671c000 	C:\Program Files\Java\jdk-19\bin\vcruntime140_1.dll
0x00007ff880ed0000 - 0x00007ff880f5e000 	C:\Program Files\Java\jdk-19\bin\msvcp140.dll
0x00007ff857120000 - 0x00007ff857de0000 	C:\Program Files\Java\jdk-19\bin\server\jvm.dll
0x00007ff894920000 - 0x00007ff894929000 	C:\WINDOWS\SYSTEM32\WSOCK32.dll
0x00007ff8aecb0000 - 0x00007ff8aece4000 	C:\WINDOWS\SYSTEM32\WINMM.dll
0x00007ff8bbb00000 - 0x00007ff8bbb71000 	C:\WINDOWS\System32\WS2_32.dll
0x00007ff8b9150000 - 0x00007ff8b9168000 	C:\WINDOWS\SYSTEM32\kernel.appcore.dll
0x00007ff8b63e0000 - 0x00007ff8b63ea000 	C:\Program Files\Java\jdk-19\bin\jimage.dll
0x00007ff8b7a00000 - 0x00007ff8b7c2e000 	C:\WINDOWS\SYSTEM32\DBGHELP.DLL
0x00007ff8bc900000 - 0x00007ff8bcc8a000 	C:\WINDOWS\System32\combase.dll
0x00007ff8bbb80000 - 0x00007ff8bbc57000 	C:\WINDOWS\System32\OLEAUT32.dll
0x00007ff8a7a70000 - 0x00007ff8a7aa2000 	C:\WINDOWS\SYSTEM32\dbgcore.DLL
0x00007ff8ba8c0000 - 0x00007ff8ba93a000 	C:\WINDOWS\System32\bcryptPrimitives.dll
0x00007ff88dca0000 - 0x00007ff88dcc6000 	C:\Program Files\Java\jdk-19\bin\java.dll

dbghelp: loaded successfully - version: 4.0.5 - missing functions: none
symbol engine: initialized successfully - sym options: 0x614 - pdb path: .;C:\Program Files\Java\jdk-19\bin;C:\WINDOWS\SYSTEM32;C:\WINDOWS\WinSxS\amd64_microsoft.windows.common-controls_6595b64144ccf1df_6.0.22621.2070_none_2713e6537381f706;C:\Program Files\Java\jdk-19\bin\server

VM Arguments:
jvm_args: -Dclassworlds.conf=C:\Program Files\apache-maven-3.9.1\bin\m2.conf -Dmaven.home=C:\Program Files\apache-maven-3.9.1 -Dlibrary.jansi.path=C:\Program Files\apache-maven-3.9.1\lib\jansi-native -Dmaven.multiModuleProjectDirectory=M:\Creative_sandbox\Internship\USAM_Project\Backend_USAM 
java_command: org.codehaus.plexus.classworlds.launcher.Launcher spring-boot:run
java_class_path (initial): C:\Program Files\apache-maven-3.9.1\boot\plexus-classworlds-2.6.0.jar
Launcher Type: SUN_STANDARD

[Global flags]
     intx CICompilerCount                          = 12                                        {product} {ergonomic}
     uint ConcGCThreads                            = 3                                         {product} {ergonomic}
     uint G1ConcRefinementThreads                  = 13                                        {product} {ergonomic}
   size_t G1HeapRegionSize                         = 2097152                                   {product} {ergonomic}
    uintx GCDrainStackTargetSize                   = 64                                        {product} {ergonomic}
   size_t InitialHeapSize                          = 266338304                                 {product} {ergonomic}
   size_t MarkStackSize                            = 4194304                                   {product} {ergonomic}
   size_t MaxHeapSize                              = 4236247040                                {product} {ergonomic}
   size_t MinHeapDeltaBytes                        = 2097152                                   {product} {ergonomic}
   size_t MinHeapSize                              = 8388608                                   {product} {ergonomic}
    uintx NonNMethodCodeHeapSize                   = 7602480                                {pd product} {ergonomic}
    uintx NonProfiledCodeHeapSize                  = 122027880                              {pd product} {ergonomic}
    uintx ProfiledCodeHeapSize                     = 122027880                              {pd product} {ergonomic}
    uintx ReservedCodeCacheSize                    = 251658240                              {pd product} {ergonomic}
     bool SegmentedCodeCache                       = true                                      {product} {ergonomic}
   size_t SoftMaxHeapSize                          = 4236247040                             {manageable} {ergonomic}
     bool UseCompressedClassPointers               = true                           {product lp64_product} {ergonomic}
     bool UseCompressedOops                        = true                           {product lp64_product} {ergonomic}
     bool UseG1GC                                  = true                                      {product} {ergonomic}
     bool UseLargePagesIndividualAllocation        = false                                  {pd product} {ergonomic}

Logging:
Log output configuration:
 #0: stdout all=warning uptime,level,tags foldmultilines=false
 #1: stderr all=off uptime,level,tags foldmultilines=false

Environment Variables:
JAVA_HOME=C:\Program Files\Java\jdk-19
PATH=C:\Users\ahmed\AppData\Local\Packages\PythonSoftwareFoundation.Python.3.9_qbz5n2kfra8p0\LocalCache\local-packages\Python39\Scripts;C:\Program Files\Java\jdk-18.0.1.1\bin;C:\Program Files\Java\openlogic-openjdk-jre-8u362-b09-windows-64\bin;C:\Program Files (x86)\Common Files\Oracle\Java\javapath;C:\Program Files\Java\jdk-18.0.1.1\bin;C:\Program Files\Common Files\Oracle\Java\javapath;C:\ProgramData\Oracle\Java\javapath;C:\Program Files\CodeBlocks\MinGW\bin;C:\Windows\system32;C:\Windows;C:\Windows\System32\Wbem;C:\Windows\System32\WindowsPowerShell\v1.0\;C:\Windows\System32\OpenSSH\;C:\Program Files\NVIDIA Corporation\NVIDIA NvDLISR;C:\Program Files (x86)\NVIDIA Corporation\PhysX\Common;C:\Program Files\Git\cmd;C:\Program Files (x86)\dotnet\;C:\Program Files\nodejs\;C:\Program Files\dotnet\;C:\WINDOWS\system32;C:\WINDOWS;C:\WINDOWS\System32\Wbem;C:\WINDOWS\System32\WindowsPowerShell\v1.0\;C:\WINDOWS\System32\OpenSSH\;C:\Program Files\apache-maven-3.9.1\bin;C:\Program Files\swipl\bin;C:\Program Files\Docker\Docker\resources\bin;C:\Program Files\Go\bin;C:\Program Files\PostgreSQL\15\bin;C:\Program Files\PostgreSQL\15\lib;C:\Program Files\MySQL\MySQL Shell 8.0\bin\;C:\MinGW\bin;C:\Users\ahmed\AppData\Local\Microsoft\WindowsApps;C:\Users\ahmed\AppData\Local\GitHubDesktop\bin;C:\Users\ahmed\AppData\Local\Programs\Microsoft VS Code\bin;C:\Program Files (x86)\ffmpeg;C:\Users\ahmed\.dotnet\tools;C:\Users\ahmed\AppData\Roaming\npm;C:\Users\ahmed\go\bin
USERNAME=ahmed
LANG=en_US.UTF-8
OS=Windows_NT
PROCESSOR_IDENTIFIER=Intel64 Family 6 Model 165 Stepping 2, GenuineIntel
TMP=C:\Users\ahmed\AppData\Local\Temp
TEMP=C:\Users\ahmed\AppData\Local\Temp



---------------  S Y S T E M  ---------------

OS:
 Windows 11 , 64 bit Build 22621 (10.0.22621.2070)
OS uptime: 1 days 12:40 hours
Hyper-V role detected

CPU: total 16 (initial active 16) (8 cores per cpu, 2 threads per core) family 6 model 165 stepping 2 microcode 0xf4, cx8, cmov, fxsr, ht, mmx, 3dnowpref, sse, sse2, sse3, ssse3, sse4.1, sse4.2, popcnt, lzcnt, tsc, tscinvbit, avx, avx2, aes, erms, clmul, bmi1, bmi2, adx, fma, vzeroupper, clflush, clflushopt, hv, rdtscp

Memory: 4k page, system-wide physical 16158M (1082M free)
TotalPageFile size 44505M (AvailPageFile size 179M)
current process WorkingSet (physical memory assigned to process): 11M, peak: 11M
current process commit charge ("private bytes"): 71M, peak: 325M

vm_info: Java HotSpot(TM) 64-Bit Server VM (19.0.2+7-44) for windows-amd64 JRE (19.0.2+7-44), built on 2022-11-30T18:02:09Z by "mach5one" with MS VC++ 17.1 (VS2022)

END.
